[2017-09-29 11:42:48] Executing bootstrap tasks
[2017-09-29 11:42:48] Java(TM) SE Runtime Environment 1.8.0_144-b01
[2017-09-29 11:42:48] Product org.eclipse.products.epp.package.cpp.oxygen
[2017-09-29 11:42:48] Bundle org.eclipse.oomph.setup 1.8.0.v20170408-0745, build=3059, branch=2161405b80cf99ed791602ba56cdf44084f5ca43
[2017-09-29 11:42:48] Bundle org.eclipse.oomph.setup.core 1.8.0.v20170531-0903, build=3059, branch=2161405b80cf99ed791602ba56cdf44084f5ca43
[2017-09-29 11:42:48] Bundle org.eclipse.oomph.setup.p2 1.8.0.v20170318-0419, build=3059, branch=2161405b80cf99ed791602ba56cdf44084f5ca43
[2017-09-29 11:42:48] Performing P2 Director (Eclipse IDE for C/C++ Developers (Oxygen))
[2017-09-29 11:42:48] Offline = false
[2017-09-29 11:42:48] Mirrors = true
[2017-09-29 11:42:48] Resolving 32 requirements from 3 repositories to /Users/jimmyweicc/eclipse/cpp-oxygen/Eclipse.app/Contents/Eclipse
[2017-09-29 11:42:48] Requirement epp.package.cpp [4.7.0,4.8.0)
[2017-09-29 11:42:48] Requirement org.eclipse.platform.feature.group [4.7.0,4.8.0)
[2017-09-29 11:42:48] Requirement org.eclipse.rcp.feature.group [4.7.0,4.8.0)
[2017-09-29 11:42:48] Requirement org.eclipse.cdt.autotools.feature.group
[2017-09-29 11:42:48] Requirement org.eclipse.cdt.build.crossgcc.feature.group
[2017-09-29 11:42:48] Requirement org.eclipse.cdt.debug.standalone.feature.group
[2017-09-29 11:42:48] Requirement org.eclipse.cdt.debug.ui.memory.feature.group
[2017-09-29 11:42:48] Requirement org.eclipse.cdt.feature.group
[2017-09-29 11:42:48] Requirement org.eclipse.cdt.launch.remote.feature.group
[2017-09-29 11:42:48] Requirement org.eclipse.cdt.mylyn.feature.group
[2017-09-29 11:42:48] Requirement org.eclipse.egit.feature.group
[2017-09-29 11:42:48] Requirement org.eclipse.linuxtools.cdt.libhover.devhelp.feature.feature.group
[2017-09-29 11:42:48] Requirement org.eclipse.linuxtools.cdt.libhover.feature.feature.group
[2017-09-29 11:42:48] Requirement org.eclipse.linuxtools.changelog.c.feature.group
[2017-09-29 11:42:48] Requirement org.eclipse.linuxtools.gcov.feature.group
[2017-09-29 11:42:48] Requirement org.eclipse.linuxtools.gprof.feature.feature.group
[2017-09-29 11:42:48] Requirement org.eclipse.linuxtools.rpm.feature.group
[2017-09-29 11:42:48] Requirement org.eclipse.linuxtools.valgrind.feature.group
[2017-09-29 11:42:48] Requirement org.eclipse.mylyn.bugzilla_feature.feature.group
[2017-09-29 11:42:48] Requirement org.eclipse.mylyn.context_feature.feature.group
[2017-09-29 11:42:48] Requirement org.eclipse.mylyn.ide_feature.feature.group
[2017-09-29 11:42:48] Requirement org.eclipse.mylyn.team_feature.feature.group
[2017-09-29 11:42:48] Requirement org.eclipse.mylyn.wikitext_feature.feature.group
[2017-09-29 11:42:48] Requirement org.eclipse.mylyn_feature.feature.group
[2017-09-29 11:42:48] Requirement org.eclipse.rse.feature.group
[2017-09-29 11:42:48] Requirement org.eclipse.tm.terminal.connector.cdtserial.feature.feature.group
[2017-09-29 11:42:48] Requirement org.eclipse.tm.terminal.feature.feature.group
[2017-09-29 11:42:48] Requirement org.eclipse.tracecompass.gdbtrace.feature.group
[2017-09-29 11:42:48] Requirement org.eclipse.tracecompass.lttng2.control.feature.group
[2017-09-29 11:42:48] Requirement org.eclipse.tracecompass.lttng2.kernel.feature.group
[2017-09-29 11:42:48] Requirement org.eclipse.tracecompass.lttng2.ust.feature.group
[2017-09-29 11:42:48] Requirement org.eclipse.oomph.setup.feature.group
[2017-09-29 11:42:48] Repository http://download.eclipse.org/technology/epp/packages/oxygen
[2017-09-29 11:42:48] Repository http://download.eclipse.org/releases/oxygen
[2017-09-29 11:42:48] Repository http://download.eclipse.org/oomph/updates/milestone/latest
[2017-09-29 11:42:56] Calculating requirements and dependencies.
[2017-09-29 11:43:00] Computing prerequisite plan
[2017-09-29 11:43:06] Collecting 1 artifacts from http://download.eclipse.org/technology/epp/packages/oxygen
[2017-09-29 11:43:06] Downloading epp.package.cpp.executable.cocoa.macosx.x86_64
[2017-09-29 11:43:06] Collected 1 artifacts for http://download.eclipse.org/technology/epp/packages/oxygen in 0.576s
[2017-09-29 11:43:06] Collecting 4 artifacts from http://download.eclipse.org/releases/oxygen
[2017-09-29 11:43:07] Downloading org.eclipse.platform.ide.executable.cocoa.macosx.x86_64
[2017-09-29 11:43:07] Downloading org.eclipse.rcp_root
[2017-09-29 11:43:07] Downloading org.eclipse.platform_root
[2017-09-29 11:43:07] Downloading org.eclipse.cdt_root
[2017-09-29 11:43:07] Collected 4 artifacts for http://download.eclipse.org/releases/oxygen in 0.556s
[2017-09-29 11:43:09] Installing a.jre.javase [1.6.0]
[2017-09-29 11:43:09] Installing com.google.gson [2.7.0.v20170129-0911]
[2017-09-29 11:43:09] Installing com.google.guava [21.0.0.v20170206-1425]
[2017-09-29 11:43:09] Installing com.ibm.icu [58.2.0.v20170418-1837]
[2017-09-29 11:43:09] Installing com.jcraft.jsch [0.1.54.v20170116-1932]
[2017-09-29 11:43:09] Installing com.sun.el [2.2.0.v201303151357]
[2017-09-29 11:43:09] Installing config.a.jre.javase [1.6.0]
[2017-09-29 11:43:09] Installing epp.package.cpp [4.7.1.20170914-1200]
[2017-09-29 11:43:09] Installing epp.package.cpp.executable.cocoa.macosx.x86_64 [4.7.1.20170914-1200]
[2017-09-29 11:43:09] Installing epp.package.cpp.executable.cocoa.macosx.x86_64.eclipse [4.7.1.20170914-1200]
[2017-09-29 11:43:09] Installing javaewah [1.1.6.v20160919-1400]
[2017-09-29 11:43:09] Installing javax.annotation [1.2.0.v201602091430]
[2017-09-29 11:43:09] Installing javax.el [2.2.0.v201303151357]
[2017-09-29 11:43:09] Installing javax.inject [1.0.0.v20091030]
[2017-09-29 11:43:09] Installing javax.servlet [3.1.0.v201410161800]
[2017-09-29 11:43:09] Installing javax.servlet.jsp [2.2.0.v201112011158]
[2017-09-29 11:43:09] Installing javax.xml [1.3.4.v201005080400]
[2017-09-29 11:43:09] Installing org.antlr.runtime [3.2.0.v201101311130]
[2017-09-29 11:43:09] Installing org.apache.ant [1.10.1.v20170504-0840]
[2017-09-29 11:43:09] Installing org.apache.batik.css [1.8.0.v20170214-1941]
[2017-09-29 11:43:09] Installing org.apache.batik.util [1.8.0.v20170214-1941]
[2017-09-29 11:43:09] Installing org.apache.batik.util.gui [1.8.0.v20170214-1941]
[2017-09-29 11:43:09] Installing org.apache.commons.codec [1.9.0.v20170208-1614]
[2017-09-29 11:43:09] Installing org.apache.commons.compress [1.6.0.v201310281400]
[2017-09-29 11:43:09] Installing org.apache.commons.httpclient [3.1.0.v201012070820]
[2017-09-29 11:43:09] Installing org.apache.commons.io [2.2.0.v201405211200]
[2017-09-29 11:43:09] Installing org.apache.commons.jxpath [1.3.0.v200911051830]
[2017-09-29 11:43:09] Installing org.apache.commons.lang [2.6.0.v201404270220]
[2017-09-29 11:43:09] Installing org.apache.commons.lang3 [3.1.0.v201403281430]
[2017-09-29 11:43:09] Installing org.apache.commons.logging [1.1.1.v201101211721]
[2017-09-29 11:43:09] Installing org.apache.commons.net [3.2.0.v201305141515]
[2017-09-29 11:43:09] Installing org.apache.felix.gogo.command [0.10.0.v201209301215]
[2017-09-29 11:43:09] Installing org.apache.felix.gogo.runtime [0.10.0.v201209301036]
[2017-09-29 11:43:09] Installing org.apache.felix.gogo.shell [0.10.0.v201212101605]
[2017-09-29 11:43:09] Installing org.apache.felix.scr [2.0.10.v20170501-2007]
[2017-09-29 11:43:09] Installing org.apache.httpcomponents.httpclient [4.5.2.v20170210-0925]
[2017-09-29 11:43:09] Installing org.apache.httpcomponents.httpcore [4.4.6.v20170210-0925]
[2017-09-29 11:43:09] Installing org.apache.jasper.glassfish [2.2.2.v201501141630]
[2017-09-29 11:43:09] Installing org.apache.log4j [1.2.15.v201012070815]
[2017-09-29 11:43:09] Installing org.apache.lucene.analyzers-common [6.1.0.v20161115-1612]
[2017-09-29 11:43:09] Installing org.apache.lucene.analyzers-smartcn [6.1.0.v20161115-1612]
[2017-09-29 11:43:09] Installing org.apache.lucene.core [6.1.0.v20161115-1612]
[2017-09-29 11:43:09] Installing org.apache.lucene.misc [6.1.0.v20161115-1612]
[2017-09-29 11:43:09] Installing org.apache.lucene.queryparser [6.1.0.v20161115-1612]
[2017-09-29 11:43:09] Installing org.apache.ws.commons.util [1.0.1.v20100518-1140]
[2017-09-29 11:43:09] Installing org.apache.xerces [2.9.0.v201101211617]
[2017-09-29 11:43:09] Installing org.apache.xml.resolver [1.2.0.v201005080400]
[2017-09-29 11:43:09] Installing org.apache.xml.serializer [2.7.1.v201005080400]
[2017-09-29 11:43:09] Installing org.apache.xmlrpc [3.0.0.v20100427-1100]
[2017-09-29 11:43:09] Installing org.cyberneko.html [1.9.14.v201105210654]
[2017-09-29 11:43:09] Installing org.eclipse.ant.core [3.5.0.v20170509-2149]
[2017-09-29 11:43:09] Installing org.eclipse.cdt [9.3.0.201709131603]
[2017-09-29 11:43:09] Installing org.eclipse.cdt.autotools.core [2.0.0.201709131603]
[2017-09-29 11:43:09] Installing org.eclipse.cdt.autotools.docs [2.0.2.201709131603]
[2017-09-29 11:43:09] Installing org.eclipse.cdt.autotools.feature.group [9.3.2.201709131603]
[2017-09-29 11:43:09] Installing org.eclipse.cdt.autotools.feature.jar [9.3.2.201709131603]
[2017-09-29 11:43:09] Installing org.eclipse.cdt.autotools.ui [2.0.0.201709131603]
[2017-09-29 11:43:09] Installing org.eclipse.cdt.build.crossgcc [1.1.0.201709131603]
[2017-09-29 11:43:09] Installing org.eclipse.cdt.build.crossgcc.feature.group [9.3.2.201709131603]
[2017-09-29 11:43:09] Installing org.eclipse.cdt.build.crossgcc.feature.jar [9.3.2.201709131603]
[2017-09-29 11:43:09] Installing org.eclipse.cdt.build.gcc.core [1.0.0.201709131603]
[2017-09-29 11:43:09] Installing org.eclipse.cdt.codan.checkers [3.2.0.201709131603]
[2017-09-29 11:43:10] Installing org.eclipse.cdt.codan.checkers.ui [3.2.1.201709131603]
[2017-09-29 11:43:10] Installing org.eclipse.cdt.codan.core [4.0.0.201709131603]
[2017-09-29 11:43:10] Installing org.eclipse.cdt.codan.core.cxx [3.4.0.201709131603]
[2017-09-29 11:43:10] Installing org.eclipse.cdt.codan.ui [3.2.1.201709131603]
[2017-09-29 11:43:10] Installing org.eclipse.cdt.codan.ui.cxx [3.3.0.201709131603]
[2017-09-29 11:43:10] Installing org.eclipse.cdt.core [6.3.1.201709131603]
[2017-09-29 11:43:10] Installing org.eclipse.cdt.core.macosx [5.3.0.201709131603]
[2017-09-29 11:43:10] Installing org.eclipse.cdt.core.native [5.10.0.201709131603]
[2017-09-29 11:43:10] Installing org.eclipse.cdt.debug.application [1.1.0.201709131603]
[2017-09-29 11:43:10] Installing org.eclipse.cdt.debug.application.doc [1.1.0.201709131603]
[2017-09-29 11:43:10] Installing org.eclipse.cdt.debug.core [8.2.0.201709131603]
[2017-09-29 11:43:10] Installing org.eclipse.cdt.debug.standalone.feature.group [9.3.2.201709131603]
[2017-09-29 11:43:10] Installing org.eclipse.cdt.debug.standalone.feature.jar [9.3.2.201709131603]
[2017-09-29 11:43:10] Installing org.eclipse.cdt.debug.ui [8.2.0.201709131603]
[2017-09-29 11:43:10] Installing org.eclipse.cdt.debug.ui.memory.feature.group [9.3.2.201709131603]
[2017-09-29 11:43:10] Installing org.eclipse.cdt.debug.ui.memory.feature.jar [9.3.2.201709131603]
[2017-09-29 11:43:10] Installing org.eclipse.cdt.debug.ui.memory.floatingpoint [1.0.0.201709131603]
[2017-09-29 11:43:10] Installing org.eclipse.cdt.debug.ui.memory.memorybrowser [1.3.0.201709131603]
[2017-09-29 11:43:10] Installing org.eclipse.cdt.debug.ui.memory.search [1.3.0.201709131603]
[2017-09-29 11:43:10] Installing org.eclipse.cdt.debug.ui.memory.traditional [1.5.0.201709131603]
[2017-09-29 11:43:10] Installing org.eclipse.cdt.debug.ui.memory.transport [2.1.0.201709131603]
[2017-09-29 11:43:10] Installing org.eclipse.cdt.doc.user [5.4.0.201709131603]
[2017-09-29 11:43:10] Installing org.eclipse.cdt.dsf [2.8.0.201709131603]
[2017-09-29 11:43:10] Installing org.eclipse.cdt.dsf.gdb [5.3.0.201709131603]
[2017-09-29 11:43:10] Installing org.eclipse.cdt.dsf.gdb.ui [2.6.0.201709131603]
[2017-09-29 11:43:10] Installing org.eclipse.cdt.dsf.ui [2.5.0.201709131603]
[2017-09-29 11:43:10] Installing org.eclipse.cdt.feature.group [9.3.2.201709131603]
[2017-09-29 11:43:10] Installing org.eclipse.cdt.feature.jar [9.3.2.201709131603]
[2017-09-29 11:43:10] Installing org.eclipse.cdt.gdb [7.0.0.201709131603]
[2017-09-29 11:43:10] Installing org.eclipse.cdt.gdb.feature.group [9.3.2.201709131603]
[2017-09-29 11:43:10] Installing org.eclipse.cdt.gdb.feature.jar [9.3.2.201709131603]
[2017-09-29 11:43:10] Installing org.eclipse.cdt.gdb.ui [7.0.0.201709131603]
[2017-09-29 11:43:10] Installing org.eclipse.cdt.gnu.build.feature.group [9.3.2.201709131603]
[2017-09-29 11:43:10] Installing org.eclipse.cdt.gnu.build.feature.jar [9.3.2.201709131603]
[2017-09-29 11:43:10] Installing org.eclipse.cdt.gnu.debug.feature.group [9.3.2.201709131603]
[2017-09-29 11:43:10] Installing org.eclipse.cdt.gnu.debug.feature.jar [9.3.2.201709131603]
[2017-09-29 11:43:10] Installing org.eclipse.cdt.gnu.dsf.feature.group [9.3.2.201709131603]
[2017-09-29 11:43:10] Installing org.eclipse.cdt.gnu.dsf.feature.jar [9.3.2.201709131603]
[2017-09-29 11:43:10] Installing org.eclipse.cdt.launch [9.1.0.201709131603]
[2017-09-29 11:43:10] Installing org.eclipse.cdt.launch.remote [2.5.0.201709131603]
[2017-09-29 11:43:10] Installing org.eclipse.cdt.launch.remote.feature.group [9.3.2.201709131603]
[2017-09-29 11:43:10] Installing org.eclipse.cdt.launch.remote.feature.jar [9.3.2.201709131603]
[2017-09-29 11:43:10] Installing org.eclipse.cdt.make.core [7.3.0.201709131603]
[2017-09-29 11:43:10] Installing org.eclipse.cdt.make.ui [7.3.0.201709131603]
[2017-09-29 11:43:10] Installing org.eclipse.cdt.managedbuilder.core [8.5.0.201709131603]
[2017-09-29 11:43:10] Installing org.eclipse.cdt.managedbuilder.gnu.ui [8.3.0.201709131603]
[2017-09-29 11:43:10] Installing org.eclipse.cdt.managedbuilder.ui [9.1.0.201709131603]
[2017-09-29 11:43:10] Installing org.eclipse.cdt.mylyn.feature.group [5.19.0.v20170411-2108]
[2017-09-29 11:43:10] Installing org.eclipse.cdt.mylyn.feature.jar [5.19.0.v20170411-2108]
[2017-09-29 11:43:10] Installing org.eclipse.cdt.mylyn.ui [3.23.0.v20170411-2108]
[2017-09-29 11:43:10] Installing org.eclipse.cdt.native.feature.group [9.3.2.201709131603]
[2017-09-29 11:43:10] Installing org.eclipse.cdt.native.feature.jar [9.3.2.201709131603]
[2017-09-29 11:43:10] Installing org.eclipse.cdt.native.serial [1.1.0.201709131603]
[2017-09-29 11:43:10] Installing org.eclipse.cdt.platform.feature.group [9.3.2.201709131603]
[2017-09-29 11:43:10] Installing org.eclipse.cdt.platform.feature.jar [9.3.2.201709131603]
[2017-09-29 11:43:10] Installing org.eclipse.cdt.remote.core [1.0.0.201709131603]
[2017-09-29 11:43:10] Installing org.eclipse.cdt.ui [6.2.0.201709131603]
[2017-09-29 11:43:10] Installing org.eclipse.cdt_root [9.3.2.201709131603]
[2017-09-29 11:43:10] Installing org.eclipse.compare [3.7.101.v20170724-1603]
[2017-09-29 11:43:10] Installing org.eclipse.compare.core [3.6.100.v20170516-0820]
[2017-09-29 11:43:10] Installing org.eclipse.core.commands [3.9.0.v20170530-1048]
[2017-09-29 11:43:10] Installing org.eclipse.core.contenttype [3.6.0.v20170207-1037]
[2017-09-29 11:43:10] Installing org.eclipse.core.databinding [1.6.100.v20170515-1119]
[2017-09-29 11:43:10] Installing org.eclipse.core.databinding.beans [1.4.0.v20170210-0856]
[2017-09-29 11:43:10] Installing org.eclipse.core.databinding.observable [1.6.100.v20170515-1119]
[2017-09-29 11:43:10] Installing org.eclipse.core.databinding.property [1.6.100.v20170515-1119]
[2017-09-29 11:43:10] Installing org.eclipse.core.expressions [3.6.0.v20170207-1037]
[2017-09-29 11:43:10] Installing org.eclipse.core.externaltools [1.1.0.v20170113-2056]
[2017-09-29 11:43:10] Installing org.eclipse.core.filebuffers [3.6.100.v20170203-1130]
[2017-09-29 11:43:10] Installing org.eclipse.core.filesystem [1.7.0.v20170406-1337]
[2017-09-29 11:43:10] Installing org.eclipse.core.filesystem.macosx [1.3.0.v20140124-1940]
[2017-09-29 11:43:10] Installing org.eclipse.core.jobs [3.9.1.v20170714-0547]
[2017-09-29 11:43:10] Installing org.eclipse.core.net [1.3.100.v20170516-0820]
[2017-09-29 11:43:10] Installing org.eclipse.core.resources [3.12.0.v20170417-1558]
[2017-09-29 11:43:10] Installing org.eclipse.core.runtime [3.13.0.v20170207-1030]
[2017-09-29 11:43:10] Installing org.eclipse.core.variables [3.4.0.v20170113-2056]
[2017-09-29 11:43:10] Installing org.eclipse.debug.core [3.11.0.v20170605-1534]
[2017-09-29 11:43:10] Installing org.eclipse.debug.ui [3.12.0.v20170605-1534]
[2017-09-29 11:43:10] Installing org.eclipse.dstore.core [3.4.0.201501311530]
[2017-09-29 11:43:10] Installing org.eclipse.dstore.extra [2.1.400.201403100950]
[2017-09-29 11:43:10] Installing org.eclipse.e4.core.commands [0.12.100.v20170513-0428]
[2017-09-29 11:43:10] Installing org.eclipse.e4.core.contexts [1.6.0.v20170322-1144]
[2017-09-29 11:43:10] Installing org.eclipse.e4.core.di [1.6.100.v20170421-1418]
[2017-09-29 11:43:10] Installing org.eclipse.e4.core.di.annotations [1.6.0.v20170119-2002]
[2017-09-29 11:43:10] Installing org.eclipse.e4.core.di.extensions [0.15.0.v20170228-1728]
[2017-09-29 11:43:10] Installing org.eclipse.e4.core.di.extensions.supplier [0.15.0.v20170407-0928]
[2017-09-29 11:43:10] Installing org.eclipse.e4.core.services [2.1.0.v20170407-0928]
[2017-09-29 11:43:10] Installing org.eclipse.e4.emf.xpath [0.2.0.v20160630-0728]
[2017-09-29 11:43:10] Installing org.eclipse.e4.rcp.feature.group [1.6.1.v20170829-0553]
[2017-09-29 11:43:10] Installing org.eclipse.e4.rcp.feature.jar [1.6.1.v20170829-0553]
[2017-09-29 11:43:10] Installing org.eclipse.e4.ui.bindings [0.12.1.v20170823-1632]
[2017-09-29 11:43:10] Installing org.eclipse.e4.ui.css.core [0.12.101.v20170712-1547]
[2017-09-29 11:43:10] Installing org.eclipse.e4.ui.css.swt [0.13.1.v20170808-1940]
[2017-09-29 11:43:10] Installing org.eclipse.e4.ui.css.swt.theme [0.11.0.v20170312-2302]
[2017-09-29 11:43:10] Installing org.eclipse.e4.ui.di [1.2.100.v20170414-1137]
[2017-09-29 11:43:10] Installing org.eclipse.e4.ui.dialogs [1.1.100.v20170104-1425]
[2017-09-29 11:43:10] Installing org.eclipse.e4.ui.model.workbench [2.0.1.v20170713-1800]
[2017-09-29 11:43:10] Installing org.eclipse.e4.ui.services [1.3.0.v20170307-2032]
[2017-09-29 11:43:10] Installing org.eclipse.e4.ui.widgets [1.2.0.v20160630-0736]
[2017-09-29 11:43:10] Installing org.eclipse.e4.ui.workbench [1.5.1.v20170815-1446]
[2017-09-29 11:43:10] Installing org.eclipse.e4.ui.workbench.addons.swt [1.3.1.v20170319-1442]
[2017-09-29 11:43:10] Installing org.eclipse.e4.ui.workbench.renderers.swt [0.14.101.v20170713-1343]
[2017-09-29 11:43:10] Installing org.eclipse.e4.ui.workbench.renderers.swt.cocoa [0.11.300.v20160330-1418]
[2017-09-29 11:43:10] Installing org.eclipse.e4.ui.workbench.swt [0.14.101.v20170710-1119]
[2017-09-29 11:43:10] Installing org.eclipse.e4.ui.workbench3 [0.14.0.v20160630-0740]
[2017-09-29 11:43:10] Installing org.eclipse.ecf [3.8.0.v20170104-0657]
[2017-09-29 11:43:10] Installing org.eclipse.ecf.core.feature.feature.group [1.4.0.v20170516-2248]
[2017-09-29 11:43:10] Installing org.eclipse.ecf.core.feature.feature.jar [1.4.0.v20170516-2248]
[2017-09-29 11:43:10] Installing org.eclipse.ecf.core.ssl.feature.feature.group [1.1.0.v20170110-1317]
[2017-09-29 11:43:10] Installing org.eclipse.ecf.core.ssl.feature.feature.jar [1.1.0.v20170110-1317]
[2017-09-29 11:43:10] Installing org.eclipse.ecf.filetransfer [5.0.0.v20160817-1024]
[2017-09-29 11:43:10] Installing org.eclipse.ecf.filetransfer.feature.feature.group [3.13.8.v20170715-2257]
[2017-09-29 11:43:10] Installing org.eclipse.ecf.filetransfer.feature.feature.jar [3.13.8.v20170715-2257]
[2017-09-29 11:43:10] Installing org.eclipse.ecf.filetransfer.httpclient4.feature.feature.group [3.13.8.v20170715-2257]
[2017-09-29 11:43:10] Installing org.eclipse.ecf.filetransfer.httpclient4.feature.feature.jar [3.13.8.v20170715-2257]
[2017-09-29 11:43:10] Installing org.eclipse.ecf.filetransfer.httpclient4.ssl.feature.feature.group [1.1.0.v20170110-1317]
[2017-09-29 11:43:10] Installing org.eclipse.ecf.filetransfer.httpclient4.ssl.feature.feature.jar [1.1.0.v20170110-1317]
[2017-09-29 11:43:10] Installing org.eclipse.ecf.filetransfer.ssl.feature.feature.group [1.1.0.v20170110-1317]
[2017-09-29 11:43:10] Installing org.eclipse.ecf.filetransfer.ssl.feature.feature.jar [1.1.0.v20170110-1317]
[2017-09-29 11:43:10] Installing org.eclipse.ecf.identity [3.8.0.v20161203-2153]
[2017-09-29 11:43:10] Installing org.eclipse.ecf.provider.filetransfer [3.2.300.v20161203-1840]
[2017-09-29 11:43:10] Installing org.eclipse.ecf.provider.filetransfer.httpclient4 [1.1.200.v20170314-0133]
[2017-09-29 11:43:10] Installing org.eclipse.ecf.provider.filetransfer.httpclient4.ssl [1.1.0.v20160817-1024]
[2017-09-29 11:43:10] Installing org.eclipse.ecf.provider.filetransfer.ssl [1.0.0.v20160817-1024]
[2017-09-29 11:43:10] Installing org.eclipse.ecf.ssl [1.2.0.v20160817-1024]
[2017-09-29 11:43:10] Installing org.eclipse.egit [4.8.0.201706111038-r]
[2017-09-29 11:43:10] Installing org.eclipse.egit.core [4.8.0.201706111038-r]
[2017-09-29 11:43:10] Installing org.eclipse.egit.doc [4.8.0.201706111038-r]
[2017-09-29 11:43:10] Installing org.eclipse.egit.feature.group [4.8.0.201706111038-r]
[2017-09-29 11:43:10] Installing org.eclipse.egit.feature.jar [4.8.0.201706111038-r]
[2017-09-29 11:43:10] Installing org.eclipse.egit.ui [4.8.0.201706111038-r]
[2017-09-29 11:43:10] Installing org.eclipse.emf.common [2.13.0.v20170609-0707]
[2017-09-29 11:43:10] Installing org.eclipse.emf.common.feature.group [2.13.0.v20170609-0707]
[2017-09-29 11:43:10] Installing org.eclipse.emf.common.feature.jar [2.13.0.v20170609-0707]
[2017-09-29 11:43:10] Installing org.eclipse.emf.common.ui [2.12.0.v20170609-0928]
[2017-09-29 11:43:10] Installing org.eclipse.emf.databinding [1.3.0.v20170609-0928]
[2017-09-29 11:43:10] Installing org.eclipse.emf.ecore [2.13.0.v20170609-0707]
[2017-09-29 11:43:10] Installing org.eclipse.emf.ecore.change [2.11.0.v20170609-0707]
[2017-09-29 11:43:10] Installing org.eclipse.emf.ecore.feature.group [2.13.0.v20170609-0707]
[2017-09-29 11:43:10] Installing org.eclipse.emf.ecore.feature.jar [2.13.0.v20170609-0707]
[2017-09-29 11:43:10] Installing org.eclipse.emf.ecore.xmi [2.13.0.v20170609-0707]
[2017-09-29 11:43:10] Installing org.eclipse.emf.edit [2.12.0.v20170609-0928]
[2017-09-29 11:43:10] Installing org.eclipse.emf.edit.ui [2.13.0.v20170609-0928]
[2017-09-29 11:43:10] Installing org.eclipse.epp.logging.aeri.core [2.0.6.v20170906-1226]
[2017-09-29 11:43:10] Installing org.eclipse.epp.logging.aeri.feature.feature.group [2.0.6.v20170906-1226]
[2017-09-29 11:43:10] Installing org.eclipse.epp.logging.aeri.feature.feature.jar [2.0.6.v20170906-1226]
[2017-09-29 11:43:10] Installing org.eclipse.epp.logging.aeri.ide [2.0.6.v20170906-1226]
[2017-09-29 11:43:10] Installing org.eclipse.epp.mpc.core [1.6.1.v20170817-1804]
[2017-09-29 11:43:10] Installing org.eclipse.epp.mpc.feature.group [1.6.1.v20170906-1830]
[2017-09-29 11:43:10] Installing org.eclipse.epp.mpc.feature.jar [1.6.1.v20170906-1830]
[2017-09-29 11:43:10] Installing org.eclipse.epp.mpc.help.ui [1.6.1.v20170817-1804]
[2017-09-29 11:43:10] Installing org.eclipse.epp.mpc.ui [1.6.1.v20170906-1438]
[2017-09-29 11:43:10] Installing org.eclipse.epp.package.common [4.7.1.20170914-1200]
[2017-09-29 11:43:10] Installing org.eclipse.epp.package.common.feature.feature.group [4.7.1.20170914-1200]
[2017-09-29 11:43:10] Installing org.eclipse.epp.package.common.feature.feature.jar [4.7.1.20170914-1200]
[2017-09-29 11:43:10] Installing org.eclipse.epp.package.cpp [4.7.1.20170914-1200]
[2017-09-29 11:43:10] Installing org.eclipse.epp.package.cpp.feature.feature.group [4.7.1.20170914-1200]
[2017-09-29 11:43:10] Installing org.eclipse.epp.package.cpp.feature.feature.jar [4.7.1.20170914-1200]
[2017-09-29 11:43:10] Installing org.eclipse.equinox.app [1.3.400.v20150715-1528]
[2017-09-29 11:43:10] Installing org.eclipse.equinox.bidi [1.1.0.v20160728-1031]
[2017-09-29 11:43:10] Installing org.eclipse.equinox.common [3.9.0.v20170207-1454]
[2017-09-29 11:43:10] Installing org.eclipse.equinox.concurrent [1.1.0.v20130327-1442]
[2017-09-29 11:43:10] Installing org.eclipse.equinox.console [1.1.300.v20170512-2111]
[2017-09-29 11:43:10] Installing org.eclipse.equinox.ds [1.5.0.v20170307-1429]
[2017-09-29 11:43:10] Installing org.eclipse.equinox.event [1.4.0.v20170105-1446]
[2017-09-29 11:43:10] Installing org.eclipse.equinox.frameworkadmin [2.0.300.v20160504-1450]
[2017-09-29 11:43:10] Installing org.eclipse.equinox.frameworkadmin.equinox [1.0.800.v20170524-1345]
[2017-09-29 11:43:10] Installing org.eclipse.equinox.http.jetty [3.4.0.v20170503-2025]
[2017-09-29 11:43:10] Installing org.eclipse.equinox.http.registry [1.1.400.v20150715-1528]
[2017-09-29 11:43:10] Installing org.eclipse.equinox.http.servlet [1.4.0.v20170524-1452]
[2017-09-29 11:43:10] Installing org.eclipse.equinox.jsp.jasper [1.0.500.v20150119-1358]
[2017-09-29 11:43:10] Installing org.eclipse.equinox.jsp.jasper.registry [1.0.300.v20130327-1442]
[2017-09-29 11:43:10] Installing org.eclipse.equinox.launcher [1.4.0.v20161219-1356]
[2017-09-29 11:43:10] Installing org.eclipse.equinox.launcher.cocoa.macosx.x86_64 [1.1.500.v20170531-1133]
[2017-09-29 11:43:10] Installing org.eclipse.equinox.p2.artifact.repository [1.1.600.v20170906-1259]
[2017-09-29 11:43:10] Installing org.eclipse.equinox.p2.console [1.0.600.v20170511-1106]
[2017-09-29 11:43:10] Installing org.eclipse.equinox.p2.core [2.4.101.v20170906-1259]
[2017-09-29 11:43:10] Installing org.eclipse.equinox.p2.core.feature.feature.group [1.4.1.v20170906-1259]
[2017-09-29 11:43:10] Installing org.eclipse.equinox.p2.core.feature.feature.jar [1.4.1.v20170906-1259]
[2017-09-29 11:43:10] Installing org.eclipse.equinox.p2.director [2.3.300.v20160504-1450]
[2017-09-29 11:43:10] Installing org.eclipse.equinox.p2.director.app [1.0.500.v20160419-0834]
[2017-09-29 11:43:10] Installing org.eclipse.equinox.p2.directorywatcher [1.1.100.v20150423-1455]
[2017-09-29 11:43:10] Installing org.eclipse.equinox.p2.discovery [1.0.400.v20160504-1450]
[2017-09-29 11:43:10] Installing org.eclipse.equinox.p2.discovery.compatibility [1.0.201.v20170906-1259]
[2017-09-29 11:43:10] Installing org.eclipse.equinox.p2.discovery.feature.feature.group [1.1.1.v20170906-1259]
[2017-09-29 11:43:10] Installing org.eclipse.equinox.p2.discovery.feature.feature.jar [1.1.1.v20170906-1259]
[2017-09-29 11:43:10] Installing org.eclipse.equinox.p2.engine [2.5.0.v20170319-2002]
[2017-09-29 11:43:10] Installing org.eclipse.equinox.p2.extensionlocation [1.2.300.v20160419-0834]
[2017-09-29 11:43:10] Installing org.eclipse.equinox.p2.extras.feature.feature.group [1.3.1.v20170906-1259]
[2017-09-29 11:43:10] Installing org.eclipse.equinox.p2.extras.feature.feature.jar [1.3.1.v20170906-1259]
[2017-09-29 11:43:10] Installing org.eclipse.equinox.p2.garbagecollector [1.0.300.v20160504-1450]
[2017-09-29 11:43:10] Installing org.eclipse.equinox.p2.jarprocessor [1.0.500.v20160504-1450]
[2017-09-29 11:43:10] Installing org.eclipse.equinox.p2.metadata [2.3.200.v20170511-1106]
[2017-09-29 11:43:10] Installing org.eclipse.equinox.p2.metadata.repository [1.2.401.v20170906-1259]
[2017-09-29 11:43:10] Installing org.eclipse.equinox.p2.operations [2.4.300.v20170511-1106]
[2017-09-29 11:43:10] Installing org.eclipse.equinox.p2.publisher [1.4.200.v20170511-1216]
[2017-09-29 11:43:10] Installing org.eclipse.equinox.p2.publisher.eclipse [1.2.201.v20170906-1259]
[2017-09-29 11:43:10] Installing org.eclipse.equinox.p2.rcp.feature.feature.group [1.3.1.v20170906-1259]
[2017-09-29 11:43:10] Installing org.eclipse.equinox.p2.rcp.feature.feature.jar [1.3.1.v20170906-1259]
[2017-09-29 11:43:10] Installing org.eclipse.equinox.p2.reconciler.dropins [1.1.400.v20160504-1450]
[2017-09-29 11:43:10] Installing org.eclipse.equinox.p2.repository [2.3.301.v20170906-1259]
[2017-09-29 11:43:10] Installing org.eclipse.equinox.p2.repository.tools [2.1.400.v20170511-1216]
[2017-09-29 11:43:10] Installing org.eclipse.equinox.p2.touchpoint.eclipse [2.1.501.v20170906-1259]
[2017-09-29 11:43:10] Installing org.eclipse.equinox.p2.touchpoint.natives [1.2.200.v20170511-1216]
[2017-09-29 11:43:10] Installing org.eclipse.equinox.p2.transport.ecf [1.1.300.v20161004-0244]
[2017-09-29 11:43:10] Installing org.eclipse.equinox.p2.ui [2.5.1.v20170906-1259]
[2017-09-29 11:43:10] Installing org.eclipse.equinox.p2.ui.discovery [1.0.300.v20170418-0708]
[2017-09-29 11:43:10] Installing org.eclipse.equinox.p2.ui.importexport [1.1.301.v20170816-1007]
[2017-09-29 11:43:10] Installing org.eclipse.equinox.p2.ui.sdk [1.0.500.v20170511-1216]
[2017-09-29 11:43:10] Installing org.eclipse.equinox.p2.ui.sdk.scheduler [1.3.100.v20170418-0708]
[2017-09-29 11:43:10] Installing org.eclipse.equinox.p2.updatechecker [1.1.400.v20170106-2125]
[2017-09-29 11:43:10] Installing org.eclipse.equinox.p2.updatesite [1.0.601.v20170906-1259]
[2017-09-29 11:43:10] Installing org.eclipse.equinox.p2.user.ui.feature.group [2.3.1.v20170906-1259]
[2017-09-29 11:43:10] Installing org.eclipse.equinox.p2.user.ui.feature.jar [2.3.1.v20170906-1259]
[2017-09-29 11:43:10] Installing org.eclipse.equinox.preferences [3.7.0.v20170126-2132]
[2017-09-29 11:43:10] Installing org.eclipse.equinox.registry [3.7.0.v20170222-1344]
[2017-09-29 11:43:10] Installing org.eclipse.equinox.security [1.2.300.v20170505-1235]
[2017-09-29 11:43:10] Installing org.eclipse.equinox.security.macosx [1.100.200.v20130327-1442]
[2017-09-29 11:43:10] Installing org.eclipse.equinox.security.ui [1.1.400.v20170505-1235]
[2017-09-29 11:43:10] Installing org.eclipse.equinox.simpleconfigurator [1.2.0.v20170110-1705]
[2017-09-29 11:43:10] Installing org.eclipse.equinox.simpleconfigurator.manipulator [2.0.300.v20170515-0721]
[2017-09-29 11:43:10] Installing org.eclipse.equinox.util [1.0.500.v20130404-1337]
[2017-09-29 11:43:10] Installing org.eclipse.help [3.8.1.v20170815-1448]
[2017-09-29 11:43:10] Installing org.eclipse.help.base [4.2.101.v20170906-1700]
[2017-09-29 11:43:10] Installing org.eclipse.help.feature.group [2.2.101.v20170906-1700]
[2017-09-29 11:43:10] Installing org.eclipse.help.feature.jar [2.2.101.v20170906-1700]
[2017-09-29 11:43:10] Installing org.eclipse.help.ui [4.1.0.v20170311-0931]
[2017-09-29 11:43:10] Installing org.eclipse.help.webapp [3.9.1.v20170816-0843]
[2017-09-29 11:43:10] Installing org.eclipse.jdt.core [3.13.0.v20170516-1929]
[2017-09-29 11:43:10] Installing org.eclipse.jetty.continuation [9.4.5.v20170502]
[2017-09-29 11:43:10] Installing org.eclipse.jetty.http [9.4.5.v20170502]
[2017-09-29 11:43:10] Installing org.eclipse.jetty.io [9.4.5.v20170502]
[2017-09-29 11:43:10] Installing org.eclipse.jetty.security [9.4.5.v20170502]
[2017-09-29 11:43:10] Installing org.eclipse.jetty.server [9.4.5.v20170502]
[2017-09-29 11:43:10] Installing org.eclipse.jetty.servlet [9.4.5.v20170502]
[2017-09-29 11:43:10] Installing org.eclipse.jetty.util [9.4.5.v20170502]
[2017-09-29 11:43:10] Installing org.eclipse.jface [3.13.1.v20170810-0135]
[2017-09-29 11:43:10] Installing org.eclipse.jface.databinding [1.8.100.v20170503-1507]
[2017-09-29 11:43:10] Installing org.eclipse.jface.text [3.12.0.v20170523-1043]
[2017-09-29 11:43:10] Installing org.eclipse.jgit [4.8.0.201706111038-r]
[2017-09-29 11:43:10] Installing org.eclipse.jgit.archive [4.8.0.201706111038-r]
[2017-09-29 11:43:10] Installing org.eclipse.jgit.feature.group [4.8.0.201706111038-r]
[2017-09-29 11:43:10] Installing org.eclipse.jgit.feature.jar [4.8.0.201706111038-r]
[2017-09-29 11:43:10] Installing org.eclipse.jsch.core [1.3.0.v20160422-1917]
[2017-09-29 11:43:10] Installing org.eclipse.jsch.ui [1.3.0.v20160323-1650]
[2017-09-29 11:43:10] Installing org.eclipse.launchbar.core [2.1.1.201708231630]
[2017-09-29 11:43:10] Installing org.eclipse.launchbar.ui [2.1.1.201708231630]
[2017-09-29 11:43:10] Installing org.eclipse.linuxtools.binutils [6.0.0.201709061712]
[2017-09-29 11:43:10] Installing org.eclipse.linuxtools.cdt.libhover [1.2.0.201709061712]
[2017-09-29 11:43:10] Installing org.eclipse.linuxtools.cdt.libhover.devhelp [1.1.0.201709061712]
[2017-09-29 11:43:10] Installing org.eclipse.linuxtools.cdt.libhover.devhelp.feature.feature.group [6.1.1.201709061712]
[2017-09-29 11:43:10] Installing org.eclipse.linuxtools.cdt.libhover.devhelp.feature.feature.jar [6.1.1.201709061712]
[2017-09-29 11:43:10] Installing org.eclipse.linuxtools.cdt.libhover.feature.feature.group [6.1.1.201709061712]
[2017-09-29 11:43:10] Installing org.eclipse.linuxtools.cdt.libhover.feature.feature.jar [6.1.1.201709061712]
[2017-09-29 11:43:10] Installing org.eclipse.linuxtools.cdt.libhover.glibc [1.2.1.201709061712]
[2017-09-29 11:43:10] Installing org.eclipse.linuxtools.cdt.libhover.library.docs [1.0.2.201709061712]
[2017-09-29 11:43:10] Installing org.eclipse.linuxtools.changelog.c.feature.group [6.1.1.201709061712]
[2017-09-29 11:43:10] Installing org.eclipse.linuxtools.changelog.c.feature.jar [6.1.1.201709061712]
[2017-09-29 11:43:10] Installing org.eclipse.linuxtools.changelog.core [3.0.0.201709061712]
[2017-09-29 11:43:10] Installing org.eclipse.linuxtools.changelog.cparser [2.7.0.201709061712]
[2017-09-29 11:43:10] Installing org.eclipse.linuxtools.changelog.doc [2.7.1.201709061712]
[2017-09-29 11:43:10] Installing org.eclipse.linuxtools.dataviewers [6.1.0.201709061712]
[2017-09-29 11:43:10] Installing org.eclipse.linuxtools.dataviewers.charts [6.0.0.201709061712]
[2017-09-29 11:43:10] Installing org.eclipse.linuxtools.dataviewers.piechart [2.0.1.201709061712]
[2017-09-29 11:43:10] Installing org.eclipse.linuxtools.gcov.core [6.0.0.201709061712]
[2017-09-29 11:43:10] Installing org.eclipse.linuxtools.gcov.docs [1.0.0.201709061712]
[2017-09-29 11:43:10] Installing org.eclipse.linuxtools.gcov.feature.group [6.1.1.201709061712]
[2017-09-29 11:43:10] Installing org.eclipse.linuxtools.gcov.feature.jar [6.1.1.201709061712]
[2017-09-29 11:43:10] Installing org.eclipse.linuxtools.gcov.launch [1.2.0.201709061712]
[2017-09-29 11:43:10] Installing org.eclipse.linuxtools.gprof [5.1.0.201709061712]
[2017-09-29 11:43:10] Installing org.eclipse.linuxtools.gprof.docs [1.0.0.201709061712]
[2017-09-29 11:43:10] Installing org.eclipse.linuxtools.gprof.feature.feature.group [6.1.1.201709061712]
[2017-09-29 11:43:10] Installing org.eclipse.linuxtools.gprof.feature.feature.jar [6.1.1.201709061712]
[2017-09-29 11:43:10] Installing org.eclipse.linuxtools.gprof.launch [1.2.0.201709061712]
[2017-09-29 11:43:10] Installing org.eclipse.linuxtools.profiling.docs [1.0.0.201709061712]
[2017-09-29 11:43:10] Installing org.eclipse.linuxtools.profiling.feature.group [6.1.1.201709061712]
[2017-09-29 11:43:10] Installing org.eclipse.linuxtools.profiling.feature.jar [6.1.1.201709061712]
[2017-09-29 11:43:10] Installing org.eclipse.linuxtools.profiling.launch [3.3.0.201709061712]
[2017-09-29 11:43:10] Installing org.eclipse.linuxtools.profiling.ui [3.2.0.201709061712]
[2017-09-29 11:43:10] Installing org.eclipse.linuxtools.profiling.ui.capability [1.0.0.201709061712]
[2017-09-29 11:43:10] Installing org.eclipse.linuxtools.rpm.core [3.1.0.201709061712]
[2017-09-29 11:43:10] Installing org.eclipse.linuxtools.rpm.createrepo [1.0.0.201709061712]
[2017-09-29 11:43:10] Installing org.eclipse.linuxtools.rpm.feature.group [6.1.1.201709061712]
[2017-09-29 11:43:10] Installing org.eclipse.linuxtools.rpm.feature.jar [6.1.1.201709061712]
[2017-09-29 11:43:10] Installing org.eclipse.linuxtools.rpm.rpmlint [1.1.0.201709061712]
[2017-09-29 11:43:10] Installing org.eclipse.linuxtools.rpm.ui [1.1.0.201709061712]
[2017-09-29 11:43:10] Installing org.eclipse.linuxtools.rpm.ui.editor [4.0.0.201709061712]
[2017-09-29 11:43:10] Installing org.eclipse.linuxtools.rpm.ui.editor.doc [1.0.0.201709061712]
[2017-09-29 11:43:10] Installing org.eclipse.linuxtools.rpmstubby [1.2.0.201709061712]
[2017-09-29 11:43:10] Installing org.eclipse.linuxtools.tools.launch.core [3.3.0.201709061712]
[2017-09-29 11:43:10] Installing org.eclipse.linuxtools.tools.launch.ui [2.0.0.201709061712]
[2017-09-29 11:43:10] Installing org.eclipse.linuxtools.valgrind.cachegrind [1.1.0.201709061712]
[2017-09-29 11:43:10] Installing org.eclipse.linuxtools.valgrind.core [1.1.0.201709061712]
[2017-09-29 11:43:10] Installing org.eclipse.linuxtools.valgrind.doc [1.0.0.201709061712]
[2017-09-29 11:43:10] Installing org.eclipse.linuxtools.valgrind.feature.group [6.1.1.201709061712]
[2017-09-29 11:43:10] Installing org.eclipse.linuxtools.valgrind.feature.jar [6.1.1.201709061712]
[2017-09-29 11:43:10] Installing org.eclipse.linuxtools.valgrind.helgrind [1.1.0.201709061712]
[2017-09-29 11:43:10] Installing org.eclipse.linuxtools.valgrind.launch [3.0.0.201709061712]
[2017-09-29 11:43:10] Installing org.eclipse.linuxtools.valgrind.massif [1.1.0.201709061712]
[2017-09-29 11:43:10] Installing org.eclipse.linuxtools.valgrind.memcheck [1.1.0.201709061712]
[2017-09-29 11:43:10] Installing org.eclipse.linuxtools.valgrind.ui [2.1.0.201709061712]
[2017-09-29 11:43:10] Installing org.eclipse.linuxtools.valgrind.ui.editor [1.0.0.201709061712]
[2017-09-29 11:43:10] Installing org.eclipse.ltk.core.refactoring [3.8.0.v20170105-1156]
[2017-09-29 11:43:10] Installing org.eclipse.ltk.ui.refactoring [3.9.0.v20170412-0825]
[2017-09-29 11:43:10] Installing org.eclipse.mylyn.bugzilla.core [3.23.1.v20170623-0008]
[2017-09-29 11:43:10] Installing org.eclipse.mylyn.bugzilla.ide [3.23.0.v20170411-2108]
[2017-09-29 11:43:10] Installing org.eclipse.mylyn.bugzilla.ui [3.23.1.v20170623-0008]
[2017-09-29 11:43:10] Installing org.eclipse.mylyn.bugzilla_feature.feature.group [3.23.1.v20170623-0008]
[2017-09-29 11:43:10] Installing org.eclipse.mylyn.bugzilla_feature.feature.jar [3.23.1.v20170623-0008]
[2017-09-29 11:43:10] Installing org.eclipse.mylyn.commons.core [3.23.0.v20170411-1844]
[2017-09-29 11:43:10] Installing org.eclipse.mylyn.commons.feature.group [3.23.0.v20170503-0014]
[2017-09-29 11:43:10] Installing org.eclipse.mylyn.commons.feature.jar [3.23.0.v20170503-0014]
[2017-09-29 11:43:10] Installing org.eclipse.mylyn.commons.identity.core [1.15.0.v20170411-1844]
[2017-09-29 11:43:10] Installing org.eclipse.mylyn.commons.identity.feature.group [1.15.0.v20170411-1844]
[2017-09-29 11:43:10] Installing org.eclipse.mylyn.commons.identity.feature.jar [1.15.0.v20170411-1844]
[2017-09-29 11:43:10] Installing org.eclipse.mylyn.commons.net [3.23.0.v20170411-1844]
[2017-09-29 11:43:10] Installing org.eclipse.mylyn.commons.notifications.core [1.15.0.v20170411-1844]
[2017-09-29 11:43:10] Installing org.eclipse.mylyn.commons.notifications.feature.group [1.15.0.v20170411-1844]
[2017-09-29 11:43:10] Installing org.eclipse.mylyn.commons.notifications.feature.jar [1.15.0.v20170411-1844]
[2017-09-29 11:43:10] Installing org.eclipse.mylyn.commons.notifications.feed [1.15.0.v20170411-1844]
[2017-09-29 11:43:10] Installing org.eclipse.mylyn.commons.notifications.ui [1.15.0.v20170411-1844]
[2017-09-29 11:43:10] Installing org.eclipse.mylyn.commons.repositories.core [1.15.0.v20170411-1844]
[2017-09-29 11:43:10] Installing org.eclipse.mylyn.commons.repositories.feature.group [1.15.0.v20170411-1844]
[2017-09-29 11:43:10] Installing org.eclipse.mylyn.commons.repositories.feature.jar [1.15.0.v20170411-1844]
[2017-09-29 11:43:10] Installing org.eclipse.mylyn.commons.repositories.ui [1.15.0.v20170411-1844]
[2017-09-29 11:43:10] Installing org.eclipse.mylyn.commons.screenshots [3.23.0.v20170411-1844]
[2017-09-29 11:43:10] Installing org.eclipse.mylyn.commons.ui [3.23.0.v20170411-1844]
[2017-09-29 11:43:10] Installing org.eclipse.mylyn.commons.workbench [3.23.0.v20170503-0014]
[2017-09-29 11:43:10] Installing org.eclipse.mylyn.commons.xmlrpc [3.23.0.v20170411-1844]
[2017-09-29 11:43:10] Installing org.eclipse.mylyn.context.core [3.23.0.v20170411-2108]
[2017-09-29 11:43:10] Installing org.eclipse.mylyn.context.tasks.ui [3.23.0.v20170411-2108]
[2017-09-29 11:43:10] Installing org.eclipse.mylyn.context.ui [3.23.0.v20170414-0629]
[2017-09-29 11:43:10] Installing org.eclipse.mylyn.context_feature.feature.group [3.23.0.v20170414-0629]
[2017-09-29 11:43:10] Installing org.eclipse.mylyn.context_feature.feature.jar [3.23.0.v20170414-0629]
[2017-09-29 11:43:10] Installing org.eclipse.mylyn.discovery.core [3.23.0.v20170411-1844]
[2017-09-29 11:43:10] Installing org.eclipse.mylyn.discovery.feature.group [3.23.0.v20170411-1844]
[2017-09-29 11:43:10] Installing org.eclipse.mylyn.discovery.feature.jar [3.23.0.v20170411-1844]
[2017-09-29 11:43:10] Installing org.eclipse.mylyn.discovery.ui [3.23.0.v20170411-1844]
[2017-09-29 11:43:10] Installing org.eclipse.mylyn.help.ui [3.23.1.v20170623-0008]
[2017-09-29 11:43:10] Installing org.eclipse.mylyn.ide.ui [3.23.0.v20170411-2108]
[2017-09-29 11:43:10] Installing org.eclipse.mylyn.ide_feature.feature.group [3.23.0.v20170411-2108]
[2017-09-29 11:43:10] Installing org.eclipse.mylyn.ide_feature.feature.jar [3.23.0.v20170411-2108]
[2017-09-29 11:43:10] Installing org.eclipse.mylyn.monitor.core [3.23.0.v20170411-1844]
[2017-09-29 11:43:10] Installing org.eclipse.mylyn.monitor.feature.group [3.23.0.v20170411-1844]
[2017-09-29 11:43:10] Installing org.eclipse.mylyn.monitor.feature.jar [3.23.0.v20170411-1844]
[2017-09-29 11:43:10] Installing org.eclipse.mylyn.monitor.ui [3.23.0.v20170411-1844]
[2017-09-29 11:43:10] Installing org.eclipse.mylyn.resources.ui [3.23.0.v20170411-2108]
[2017-09-29 11:43:10] Installing org.eclipse.mylyn.tasks.bugs [3.23.1.v20170623-0008]
[2017-09-29 11:43:10] Installing org.eclipse.mylyn.tasks.core [3.23.1.v20170623-0008]
[2017-09-29 11:43:10] Installing org.eclipse.mylyn.tasks.ide.feature.group [3.23.1.v20170623-0008]
[2017-09-29 11:43:10] Installing org.eclipse.mylyn.tasks.ide.feature.jar [3.23.1.v20170623-0008]
[2017-09-29 11:43:10] Installing org.eclipse.mylyn.tasks.index.core [3.23.1.v20170623-0008]
[2017-09-29 11:43:10] Installing org.eclipse.mylyn.tasks.index.ui [3.23.1.v20170623-0008]
[2017-09-29 11:43:10] Installing org.eclipse.mylyn.tasks.search [3.23.1.v20170623-0008]
[2017-09-29 11:43:10] Installing org.eclipse.mylyn.tasks.ui [3.23.1.v20170623-0008]
[2017-09-29 11:43:10] Installing org.eclipse.mylyn.team.ui [3.23.0.v20170411-2108]
[2017-09-29 11:43:10] Installing org.eclipse.mylyn.team_feature.feature.group [3.23.0.v20170411-2108]
[2017-09-29 11:43:10] Installing org.eclipse.mylyn.team_feature.feature.jar [3.23.0.v20170411-2108]
[2017-09-29 11:43:10] Installing org.eclipse.mylyn.wikitext [3.0.6.20170311142502]
[2017-09-29 11:43:10] Installing org.eclipse.mylyn.wikitext.ant [3.0.6.20170311142502]
[2017-09-29 11:43:10] Installing org.eclipse.mylyn.wikitext.asciidoc [3.0.6.20170311142502]
[2017-09-29 11:43:10] Installing org.eclipse.mylyn.wikitext.asciidoc.ui [3.0.6.201703111926]
[2017-09-29 11:43:10] Installing org.eclipse.mylyn.wikitext.confluence [3.0.6.20170311142502]
[2017-09-29 11:43:10] Installing org.eclipse.mylyn.wikitext.confluence.ui [3.0.6.201703111926]
[2017-09-29 11:43:10] Installing org.eclipse.mylyn.wikitext.context.ui [3.0.6.201703111926]
[2017-09-29 11:43:10] Installing org.eclipse.mylyn.wikitext.editors_feature.feature.group [3.0.6.201703111926]
[2017-09-29 11:43:10] Installing org.eclipse.mylyn.wikitext.editors_feature.feature.jar [3.0.6.201703111926]
[2017-09-29 11:43:10] Installing org.eclipse.mylyn.wikitext.help.ui [3.0.6.201703111926]
[2017-09-29 11:43:10] Installing org.eclipse.mylyn.wikitext.html [3.0.6.20170311142502]
[2017-09-29 11:43:10] Installing org.eclipse.mylyn.wikitext.markdown [3.0.6.20170311142502]
[2017-09-29 11:43:10] Installing org.eclipse.mylyn.wikitext.markdown.ui [3.0.6.201703111926]
[2017-09-29 11:43:10] Installing org.eclipse.mylyn.wikitext.mediawiki [3.0.6.20170311142502]
[2017-09-29 11:43:10] Installing org.eclipse.mylyn.wikitext.mediawiki.ui [3.0.6.201703111926]
[2017-09-29 11:43:10] Installing org.eclipse.mylyn.wikitext.osgi [3.0.6.201703111926]
[2017-09-29 11:43:10] Installing org.eclipse.mylyn.wikitext.tasks.ui [3.0.6.201703111926]
[2017-09-29 11:43:10] Installing org.eclipse.mylyn.wikitext.textile [3.0.6.20170311142502]
[2017-09-29 11:43:10] Installing org.eclipse.mylyn.wikitext.textile.ui [3.0.6.201703111926]
[2017-09-29 11:43:10] Installing org.eclipse.mylyn.wikitext.tracwiki [3.0.6.20170311142502]
[2017-09-29 11:43:10] Installing org.eclipse.mylyn.wikitext.tracwiki.ui [3.0.6.201703111926]
[2017-09-29 11:43:10] Installing org.eclipse.mylyn.wikitext.twiki [3.0.6.20170311142502]
[2017-09-29 11:43:10] Installing org.eclipse.mylyn.wikitext.twiki.ui [3.0.6.201703111926]
[2017-09-29 11:43:10] Installing org.eclipse.mylyn.wikitext.ui [3.0.6.201703111926]
[2017-09-29 11:43:10] Installing org.eclipse.mylyn.wikitext_feature.feature.group [3.0.6.201703111926]
[2017-09-29 11:43:10] Installing org.eclipse.mylyn.wikitext_feature.feature.jar [3.0.6.201703111926]
[2017-09-29 11:43:10] Installing org.eclipse.mylyn_feature.feature.group [3.23.1.v20170623-0008]
[2017-09-29 11:43:10] Installing org.eclipse.mylyn_feature.feature.jar [3.23.1.v20170623-0008]
[2017-09-29 11:43:10] Installing org.eclipse.nebula.widgets.tablecombo [1.0.0.201707111605]
[2017-09-29 11:43:10] Installing org.eclipse.oomph.base [1.8.0.v20170318-0624]
[2017-09-29 11:43:10] Installing org.eclipse.oomph.base.edit [1.8.0.v20170318-0624]
[2017-09-29 11:43:10] Installing org.eclipse.oomph.extractor.lib [1.3.0.v20161116-0647]
[2017-09-29 11:43:10] Installing org.eclipse.oomph.jreinfo [1.8.0.v20170318-0624]
[2017-09-29 11:43:10] Installing org.eclipse.oomph.jreinfo.ui [1.8.0.v20170327-1117]
[2017-09-29 11:43:10] Installing org.eclipse.oomph.p2 [1.8.0.v20170318-0419]
[2017-09-29 11:43:10] Installing org.eclipse.oomph.p2.core [1.8.0.v20170410-0909]
[2017-09-29 11:43:10] Installing org.eclipse.oomph.p2.doc [1.8.0.v20170318-0419]
[2017-09-29 11:43:10] Installing org.eclipse.oomph.p2.edit [1.8.0.v20170318-0419]
[2017-09-29 11:43:10] Installing org.eclipse.oomph.p2.feature.group [1.8.0.v20170410-0909]
[2017-09-29 11:43:10] Installing org.eclipse.oomph.p2.feature.jar [1.8.0.v20170410-0909]
[2017-09-29 11:43:10] Installing org.eclipse.oomph.p2.ui [1.8.0.v20170327-1117]
[2017-09-29 11:43:10] Installing org.eclipse.oomph.predicates [1.8.0.v20170327-1117]
[2017-09-29 11:43:10] Installing org.eclipse.oomph.predicates.edit [1.8.0.v20170318-0419]
[2017-09-29 11:43:10] Installing org.eclipse.oomph.preferences [1.8.0.v20170318-0419]
[2017-09-29 11:43:10] Installing org.eclipse.oomph.resources [1.8.0.v20170318-0419]
[2017-09-29 11:43:10] Installing org.eclipse.oomph.resources.edit [1.8.0.v20170318-0419]
[2017-09-29 11:43:10] Installing org.eclipse.oomph.setup [1.8.0.v20170408-0745]
[2017-09-29 11:43:10] Installing org.eclipse.oomph.setup.core [1.8.0.v20170531-0903]
[2017-09-29 11:43:10] Installing org.eclipse.oomph.setup.core.feature.group [1.8.0.v20170531-0903]
[2017-09-29 11:43:10] Installing org.eclipse.oomph.setup.core.feature.jar [1.8.0.v20170531-0903]
[2017-09-29 11:43:10] Installing org.eclipse.oomph.setup.doc [1.9.0.v20170706-0615]
[2017-09-29 11:43:10] Installing org.eclipse.oomph.setup.edit [1.8.0.v20170318-0419]
[2017-09-29 11:43:10] Installing org.eclipse.oomph.setup.editor [1.8.0.v20170327-1117]
[2017-09-29 11:43:10] Installing org.eclipse.oomph.setup.feature.group [1.9.0.v20170706-0615]
[2017-09-29 11:43:10] Installing org.eclipse.oomph.setup.feature.jar [1.9.0.v20170706-0615]
[2017-09-29 11:43:10] Installing org.eclipse.oomph.setup.p2 [1.8.0.v20170318-0419]
[2017-09-29 11:43:10] Installing org.eclipse.oomph.setup.p2.edit [1.8.0.v20170318-0419]
[2017-09-29 11:43:10] Installing org.eclipse.oomph.setup.sync [1.8.0.v20170530-1735]
[2017-09-29 11:43:10] Installing org.eclipse.oomph.setup.ui [1.8.0.v20170530-1735]
[2017-09-29 11:43:10] Installing org.eclipse.oomph.setup.ui.questionnaire [1.8.0.v20170318-0419]
[2017-09-29 11:43:10] Installing org.eclipse.oomph.ui [1.8.0.v20170327-1117]
[2017-09-29 11:43:10] Installing org.eclipse.oomph.util [1.8.0.v20170706-0534]
[2017-09-29 11:43:10] Installing org.eclipse.oomph.workingsets [1.8.0.v20170318-0419]
[2017-09-29 11:43:10] Installing org.eclipse.oomph.workingsets.edit [1.8.0.v20170318-0419]
[2017-09-29 11:43:10] Installing org.eclipse.oomph.workingsets.editor [1.8.0.v20170327-1117]
[2017-09-29 11:43:10] Installing org.eclipse.osgi [3.12.1.v20170821-1548]
[2017-09-29 11:43:10] Installing org.eclipse.osgi.compatibility.state [1.1.0.v20170516-1513]
[2017-09-29 11:43:10] Installing org.eclipse.osgi.services [3.6.0.v20170228-1906]
[2017-09-29 11:43:10] Installing org.eclipse.osgi.util [3.4.0.v20170111-1608]
[2017-09-29 11:43:10] Installing org.eclipse.platform [4.7.1.v20170906-1700]
[2017-09-29 11:43:10] Installing org.eclipse.platform.doc.user [4.7.1.v20170630-0820]
[2017-09-29 11:43:10] Installing org.eclipse.platform.feature.group [4.7.1.v20170906-1700]
[2017-09-29 11:43:10] Installing org.eclipse.platform.feature.jar [4.7.1.v20170906-1700]
[2017-09-29 11:43:10] Installing org.eclipse.platform.ide [4.7.1.M20170906-1700]
[2017-09-29 11:43:10] Installing org.eclipse.platform.ide.executable.cocoa.macosx.x86_64 [4.7.1.M20170906-1700]
[2017-09-29 11:43:10] Installing org.eclipse.platform.ide.executable.cocoa.macosx.x86_64.eclipse [4.7.1.M20170906-1700]
[2017-09-29 11:43:10] Installing org.eclipse.platform_root [4.7.1.v20170906-1700]
[2017-09-29 11:43:10] Installing org.eclipse.rcp [4.7.1.v20170906-1700]
[2017-09-29 11:43:10] Installing org.eclipse.rcp.feature.group [4.7.1.v20170906-1700]
[2017-09-29 11:43:10] Installing org.eclipse.rcp.feature.jar [4.7.1.v20170906-1700]
[2017-09-29 11:43:10] Installing org.eclipse.rcp_root [4.7.1.v20170906-1700]
[2017-09-29 11:43:10] Installing org.eclipse.remote.console [1.1.0.201706052031]
[2017-09-29 11:43:10] Installing org.eclipse.remote.core [3.0.0.201706052031]
[2017-09-29 11:43:10] Installing org.eclipse.remote.doc.isv [1.0.0.201706052031]
[2017-09-29 11:43:10] Installing org.eclipse.remote.feature.group [3.0.0.201706052031]
[2017-09-29 11:43:10] Installing org.eclipse.remote.feature.jar [3.0.0.201706052031]
[2017-09-29 11:43:10] Installing org.eclipse.remote.jsch.core [1.0.0.201706052031]
[2017-09-29 11:43:10] Installing org.eclipse.remote.jsch.ui [1.0.0.201706052031]
[2017-09-29 11:43:10] Installing org.eclipse.remote.serial.core [1.0.0.201706052031]
[2017-09-29 11:43:10] Installing org.eclipse.remote.serial.ui [1.0.0.201706052031]
[2017-09-29 11:43:10] Installing org.eclipse.remote.telnet.core [1.0.0.201706052031]
[2017-09-29 11:43:10] Installing org.eclipse.remote.telnet.ui [1.0.0.201706052031]
[2017-09-29 11:43:10] Installing org.eclipse.remote.ui [2.1.0.201706052031]
[2017-09-29 11:43:10] Installing org.eclipse.rse [3.5.0.201403100950]
[2017-09-29 11:43:10] Installing org.eclipse.rse.connectorservice.dstore [3.1.301.201403100950]
[2017-09-29 11:43:10] Installing org.eclipse.rse.connectorservice.local [2.1.400.201403100950]
[2017-09-29 11:43:10] Installing org.eclipse.rse.connectorservice.ssh [2.1.300.201505220524]
[2017-09-29 11:43:10] Installing org.eclipse.rse.connectorservice.telnet [1.2.300.201505220524]
[2017-09-29 11:43:10] Installing org.eclipse.rse.core [3.3.100.201603151753]
[2017-09-29 11:43:10] Installing org.eclipse.rse.core.feature.group [3.7.3.201704251225]
[2017-09-29 11:43:10] Installing org.eclipse.rse.core.feature.jar [3.7.3.201704251225]
[2017-09-29 11:43:10] Installing org.eclipse.rse.doc.user [3.4.100.201403101646]
[2017-09-29 11:43:10] Installing org.eclipse.rse.dstore.feature.group [3.7.0.201704251225]
[2017-09-29 11:43:10] Installing org.eclipse.rse.dstore.feature.jar [3.7.0.201704251225]
[2017-09-29 11:43:10] Installing org.eclipse.rse.dstore.security [3.0.400.201403100950]
[2017-09-29 11:43:10] Installing org.eclipse.rse.efs [2.1.401.201507172212]
[2017-09-29 11:43:10] Installing org.eclipse.rse.efs.ui [2.1.400.201403100950]
[2017-09-29 11:43:10] Installing org.eclipse.rse.feature.group [3.7.3.201704251225]
[2017-09-29 11:43:10] Installing org.eclipse.rse.feature.jar [3.7.3.201704251225]
[2017-09-29 11:43:10] Installing org.eclipse.rse.files.ui [3.2.200.201507172213]
[2017-09-29 11:43:10] Installing org.eclipse.rse.ftp.feature.group [3.7.1.201704251225]
[2017-09-29 11:43:10] Installing org.eclipse.rse.ftp.feature.jar [3.7.1.201704251225]
[2017-09-29 11:43:10] Installing org.eclipse.rse.importexport [1.2.300.201403100950]
[2017-09-29 11:43:10] Installing org.eclipse.rse.local.feature.group [3.7.0.201704251225]
[2017-09-29 11:43:10] Installing org.eclipse.rse.local.feature.jar [3.7.0.201704251225]
[2017-09-29 11:43:10] Installing org.eclipse.rse.processes.ui [3.0.400.201403100950]
[2017-09-29 11:43:10] Installing org.eclipse.rse.services [3.3.0.201506120731]
[2017-09-29 11:43:10] Installing org.eclipse.rse.services.dstore [3.3.0.201406041609]
[2017-09-29 11:43:10] Installing org.eclipse.rse.services.files.ftp [3.0.500.201403100950]
[2017-09-29 11:43:10] Installing org.eclipse.rse.services.local [2.2.1.201507180454]
[2017-09-29 11:43:10] Installing org.eclipse.rse.services.ssh [3.2.100.201403281521]
[2017-09-29 11:43:10] Installing org.eclipse.rse.services.telnet [2.0.400.201403100950]
[2017-09-29 11:43:10] Installing org.eclipse.rse.shells.ui [3.0.500.201403271554]
[2017-09-29 11:43:10] Installing org.eclipse.rse.ssh.feature.group [3.7.0.201704251225]
[2017-09-29 11:43:10] Installing org.eclipse.rse.ssh.feature.jar [3.7.0.201704251225]
[2017-09-29 11:43:10] Installing org.eclipse.rse.subsystems.files.core [3.3.1.201403100950]
[2017-09-29 11:43:10] Installing org.eclipse.rse.subsystems.files.dstore [2.1.300.201403100950]
[2017-09-29 11:43:10] Installing org.eclipse.rse.subsystems.files.ftp [2.2.100.201601281414]
[2017-09-29 11:43:10] Installing org.eclipse.rse.subsystems.files.local [2.1.300.201403251512]
[2017-09-29 11:43:10] Installing org.eclipse.rse.subsystems.files.ssh [2.1.300.201403100950]
[2017-09-29 11:43:10] Installing org.eclipse.rse.subsystems.processes.core [3.1.300.201403100950]
[2017-09-29 11:43:10] Installing org.eclipse.rse.subsystems.processes.dstore [2.1.400.201403100950]
[2017-09-29 11:43:10] Installing org.eclipse.rse.subsystems.processes.local [2.1.400.201403100950]
[2017-09-29 11:43:10] Installing org.eclipse.rse.subsystems.processes.shell.linux [1.1.400.201403100950]
[2017-09-29 11:43:10] Installing org.eclipse.rse.subsystems.shells.core [3.1.300.201403271554]
[2017-09-29 11:43:10] Installing org.eclipse.rse.subsystems.shells.dstore [2.1.400.201403100950]
[2017-09-29 11:43:10] Installing org.eclipse.rse.subsystems.shells.local [2.1.400.201403100950]
[2017-09-29 11:43:10] Installing org.eclipse.rse.subsystems.shells.ssh [2.1.400.201403100950]
[2017-09-29 11:43:10] Installing org.eclipse.rse.subsystems.shells.telnet [1.2.300.201403100950]
[2017-09-29 11:43:10] Installing org.eclipse.rse.telnet.feature.group [3.7.0.201704251225]
[2017-09-29 11:43:10] Installing org.eclipse.rse.telnet.feature.jar [3.7.0.201704251225]
[2017-09-29 11:43:10] Installing org.eclipse.rse.ui [3.3.400.201704241037]
[2017-09-29 11:43:10] Installing org.eclipse.search [3.11.100.v20170515-1603]
[2017-09-29 11:43:10] Installing org.eclipse.swt [3.106.1.v20170829-0553]
[2017-09-29 11:43:10] Installing org.eclipse.swt.cocoa.macosx.x86_64 [3.106.1.v20170829-0553]
[2017-09-29 11:43:10] Installing org.eclipse.team.core [3.8.100.v20170516-0820]
[2017-09-29 11:43:10] Installing org.eclipse.team.genericeditor.diff.extension [1.0.1.v20170809-1356]
[2017-09-29 11:43:10] Installing org.eclipse.team.ui [3.8.1.v20170515-1133]
[2017-09-29 11:43:10] Installing org.eclipse.text [3.6.100.v20170203-0814]
[2017-09-29 11:43:10] Installing org.eclipse.tm.terminal.connector.cdtserial [4.3.0.201706121839]
[2017-09-29 11:43:10] Installing org.eclipse.tm.terminal.connector.cdtserial.feature.feature.group [4.3.0.201706140544]
[2017-09-29 11:43:10] Installing org.eclipse.tm.terminal.connector.cdtserial.feature.feature.jar [4.3.0.201706140544]
[2017-09-29 11:43:10] Installing org.eclipse.tm.terminal.connector.local [4.2.0.201609191434]
[2017-09-29 11:43:10] Installing org.eclipse.tm.terminal.connector.local.feature.feature.group [4.3.0.201706140544]
[2017-09-29 11:43:10] Installing org.eclipse.tm.terminal.connector.local.feature.feature.jar [4.3.0.201706140544]
[2017-09-29 11:43:10] Installing org.eclipse.tm.terminal.connector.process [4.2.0.201609191434]
[2017-09-29 11:43:10] Installing org.eclipse.tm.terminal.connector.ssh [4.2.0.201609191434]
[2017-09-29 11:43:10] Installing org.eclipse.tm.terminal.connector.ssh.feature.feature.group [4.3.0.201706140544]
[2017-09-29 11:43:10] Installing org.eclipse.tm.terminal.connector.ssh.feature.feature.jar [4.3.0.201706140544]
[2017-09-29 11:43:10] Installing org.eclipse.tm.terminal.connector.telnet [4.2.0.201609191434]
[2017-09-29 11:43:10] Installing org.eclipse.tm.terminal.connector.telnet.feature.feature.group [4.3.0.201706140544]
[2017-09-29 11:43:10] Installing org.eclipse.tm.terminal.connector.telnet.feature.feature.jar [4.3.0.201706140544]
[2017-09-29 11:43:10] Installing org.eclipse.tm.terminal.control [4.3.0.201706130821]
[2017-09-29 11:43:10] Installing org.eclipse.tm.terminal.control.feature.feature.group [4.3.0.201706140544]
[2017-09-29 11:43:10] Installing org.eclipse.tm.terminal.control.feature.feature.jar [4.3.0.201706140544]
[2017-09-29 11:43:10] Installing org.eclipse.tm.terminal.feature.feature.group [4.3.0.201706140544]
[2017-09-29 11:43:10] Installing org.eclipse.tm.terminal.feature.feature.jar [4.3.0.201706140544]
[2017-09-29 11:43:10] Installing org.eclipse.tm.terminal.view.core [4.2.0.201609191434]
[2017-09-29 11:43:10] Installing org.eclipse.tm.terminal.view.feature.feature.group [4.3.0.201706140544]
[2017-09-29 11:43:10] Installing org.eclipse.tm.terminal.view.feature.feature.jar [4.3.0.201706140544]
[2017-09-29 11:43:10] Installing org.eclipse.tm.terminal.view.ui [4.3.0.201706130844]
[2017-09-29 11:43:10] Installing org.eclipse.tools.templates.core [1.1.0.201702141301]
[2017-09-29 11:43:10] Installing org.eclipse.tools.templates.ui [1.1.1.201702141301]
[2017-09-29 11:43:10] Installing org.eclipse.tracecompass.analysis.counters.core [1.0.1.201709131914]
[2017-09-29 11:43:10] Installing org.eclipse.tracecompass.analysis.counters.ui [0.0.1.201709131914]
[2017-09-29 11:43:10] Installing org.eclipse.tracecompass.analysis.graph.core [1.1.1.201709131914]
[2017-09-29 11:43:10] Installing org.eclipse.tracecompass.analysis.graph.ui [1.0.3.201709131914]
[2017-09-29 11:43:10] Installing org.eclipse.tracecompass.analysis.lami.core [1.0.3.201709131914]
[2017-09-29 11:43:10] Installing org.eclipse.tracecompass.analysis.lami.ui [1.0.2.201709131914]
[2017-09-29 11:43:10] Installing org.eclipse.tracecompass.analysis.os.linux.core [2.3.0.201709131914]
[2017-09-29 11:43:10] Installing org.eclipse.tracecompass.analysis.os.linux.ui [2.1.2.201709131914]
[2017-09-29 11:43:10] Installing org.eclipse.tracecompass.analysis.timing.core [3.1.0.201709131914]
[2017-09-29 11:43:10] Installing org.eclipse.tracecompass.analysis.timing.ui [2.0.1.201709131914]
[2017-09-29 11:43:10] Installing org.eclipse.tracecompass.common.core [3.0.1.201709131914]
[2017-09-29 11:43:10] Installing org.eclipse.tracecompass.ctf.core [2.2.0.201709131914]
[2017-09-29 11:43:10] Installing org.eclipse.tracecompass.ctf.feature.group [3.1.0.201709131914]
[2017-09-29 11:43:10] Installing org.eclipse.tracecompass.ctf.feature.jar [3.1.0.201709131914]
[2017-09-29 11:43:10] Installing org.eclipse.tracecompass.ctf.parser [1.0.1.201709131914]
[2017-09-29 11:43:10] Installing org.eclipse.tracecompass.datastore.core [1.1.1.201709131914]
[2017-09-29 11:43:10] Installing org.eclipse.tracecompass.doc.dev [3.1.0.201709131914]
[2017-09-29 11:43:10] Installing org.eclipse.tracecompass.doc.user [3.1.0.201709131914]
[2017-09-29 11:43:10] Installing org.eclipse.tracecompass.gdbtrace.core [1.0.0.201709131914]
[2017-09-29 11:43:10] Installing org.eclipse.tracecompass.gdbtrace.doc.user [3.1.0.201709131914]
[2017-09-29 11:43:10] Installing org.eclipse.tracecompass.gdbtrace.feature.group [3.1.0.201709131914]
[2017-09-29 11:43:10] Installing org.eclipse.tracecompass.gdbtrace.feature.jar [3.1.0.201709131914]
[2017-09-29 11:43:10] Installing org.eclipse.tracecompass.gdbtrace.ui [1.1.0.201709131914]
[2017-09-29 11:43:10] Installing org.eclipse.tracecompass.lttng2.common.core [1.1.0.201709131914]
[2017-09-29 11:43:10] Installing org.eclipse.tracecompass.lttng2.control.core [1.2.0.201709131914]
[2017-09-29 11:43:10] Installing org.eclipse.tracecompass.lttng2.control.feature.group [3.1.0.201709131914]
[2017-09-29 11:43:10] Installing org.eclipse.tracecompass.lttng2.control.feature.jar [3.1.0.201709131914]
[2017-09-29 11:43:10] Installing org.eclipse.tracecompass.lttng2.control.ui [1.2.1.201709131914]
[2017-09-29 11:43:10] Installing org.eclipse.tracecompass.lttng2.kernel.core [2.2.0.201709131914]
[2017-09-29 11:43:10] Installing org.eclipse.tracecompass.lttng2.kernel.feature.group [3.1.0.201709131914]
[2017-09-29 11:43:10] Installing org.eclipse.tracecompass.lttng2.kernel.feature.jar [3.1.0.201709131914]
[2017-09-29 11:43:10] Installing org.eclipse.tracecompass.lttng2.kernel.ui [1.1.0.201709131914]
[2017-09-29 11:43:10] Installing org.eclipse.tracecompass.lttng2.ust.core [3.1.0.201709131914]
[2017-09-29 11:43:10] Installing org.eclipse.tracecompass.lttng2.ust.feature.group [3.1.0.201709131914]
[2017-09-29 11:43:10] Installing org.eclipse.tracecompass.lttng2.ust.feature.jar [3.1.0.201709131914]
[2017-09-29 11:43:10] Installing org.eclipse.tracecompass.lttng2.ust.ui [3.0.1.201709131914]
[2017-09-29 11:43:10] Installing org.eclipse.tracecompass.segmentstore.core [2.0.0.201709131914]
[2017-09-29 11:43:10] Installing org.eclipse.tracecompass.statesystem.core [3.1.0.201709131914]
[2017-09-29 11:43:10] Installing org.eclipse.tracecompass.tmf.analysis.xml.core [2.3.0.201709131914]
[2017-09-29 11:43:10] Installing org.eclipse.tracecompass.tmf.analysis.xml.ui [2.1.2.201709131914]
[2017-09-29 11:43:10] Installing org.eclipse.tracecompass.tmf.chart.core [1.0.1.201709131914]
[2017-09-29 11:43:10] Installing org.eclipse.tracecompass.tmf.chart.ui [1.0.1.201709131914]
[2017-09-29 11:43:10] Installing org.eclipse.tracecompass.tmf.core [3.1.0.201709131914]
[2017-09-29 11:43:10] Installing org.eclipse.tracecompass.tmf.ctf.core [3.0.1.201709131914]
[2017-09-29 11:43:10] Installing org.eclipse.tracecompass.tmf.ctf.feature.group [3.1.0.201709131914]
[2017-09-29 11:43:10] Installing org.eclipse.tracecompass.tmf.ctf.feature.jar [3.1.0.201709131914]
[2017-09-29 11:43:10] Installing org.eclipse.tracecompass.tmf.feature.group [3.1.0.201709131914]
[2017-09-29 11:43:10] Installing org.eclipse.tracecompass.tmf.feature.jar [3.1.0.201709131914]
[2017-09-29 11:43:10] Installing org.eclipse.tracecompass.tmf.remote.core [2.0.1.201709131914]
[2017-09-29 11:43:10] Installing org.eclipse.tracecompass.tmf.remote.ui [1.0.1.201709131914]
[2017-09-29 11:43:10] Installing org.eclipse.tracecompass.tmf.ui [3.1.0.201709131914]
[2017-09-29 11:43:10] Installing org.eclipse.ui [3.109.0.v20170411-1742]
[2017-09-29 11:43:10] Installing org.eclipse.ui.browser [3.6.100.v20170418-1342]
[2017-09-29 11:43:10] Installing org.eclipse.ui.cheatsheets [3.5.100.v20170515-0748]
[2017-09-29 11:43:10] Installing org.eclipse.ui.cocoa [1.1.100.v20151202-1450]
[2017-09-29 11:43:10] Installing org.eclipse.ui.console [3.7.1.v20170728-0806]
[2017-09-29 11:43:10] Installing org.eclipse.ui.editors [3.11.0.v20170202-1823]
[2017-09-29 11:43:10] Installing org.eclipse.ui.externaltools [3.4.0.v20161212-0515]
[2017-09-29 11:43:10] Installing org.eclipse.ui.forms [3.7.101.v20170815-1446]
[2017-09-29 11:43:10] Installing org.eclipse.ui.genericeditor [1.0.1.v20170822-2211]
[2017-09-29 11:43:10] Installing org.eclipse.ui.ide [3.13.1.v20170822-1526]
[2017-09-29 11:43:10] Installing org.eclipse.ui.ide.application [1.2.0.v20170512-1452]
[2017-09-29 11:43:10] Installing org.eclipse.ui.intro [3.5.100.v20170418-0710]
[2017-09-29 11:43:10] Installing org.eclipse.ui.intro.quicklinks [1.0.100.v20170515-0756]
[2017-09-29 11:43:10] Installing org.eclipse.ui.intro.universal [3.3.100.v20170515-1335]
[2017-09-29 11:43:10] Installing org.eclipse.ui.monitoring [1.1.100.v20170131-1736]
[2017-09-29 11:43:10] Installing org.eclipse.ui.navigator [3.7.0.v20170418-1342]
[2017-09-29 11:43:10] Installing org.eclipse.ui.navigator.resources [3.6.1.v20170823-1443]
[2017-09-29 11:43:10] Installing org.eclipse.ui.net [1.3.100.v20170516-0820]
[2017-09-29 11:43:10] Installing org.eclipse.ui.themes [1.2.1.v20170809-1435]
[2017-09-29 11:43:10] Installing org.eclipse.ui.views [3.9.0.v20170226-1833]
[2017-09-29 11:43:10] Installing org.eclipse.ui.views.log [1.2.100.v20170515-1458]
[2017-09-29 11:43:10] Installing org.eclipse.ui.views.properties.tabbed [3.8.1.v20170713-0803]
[2017-09-29 11:43:10] Installing org.eclipse.ui.workbench [3.110.1.v20170704-1208]
[2017-09-29 11:43:10] Installing org.eclipse.ui.workbench.texteditor [3.10.100.v20170426-2021]
[2017-09-29 11:43:10] Installing org.eclipse.update.configurator [3.3.400.v20160506-0750]
[2017-09-29 11:43:10] Installing org.eclipse.userstorage [1.1.0.v20170328-0205]
[2017-09-29 11:43:10] Installing org.eclipse.userstorage.feature.group [1.1.0.v20170526-1605]
[2017-09-29 11:43:10] Installing org.eclipse.userstorage.feature.jar [1.1.0.v20170526-1605]
[2017-09-29 11:43:10] Installing org.eclipse.userstorage.oauth [1.0.0.v20170526-1605]
[2017-09-29 11:43:10] Installing org.eclipse.userstorage.ui [1.0.2.v20170526-1605]
[2017-09-29 11:43:10] Installing org.eclipse.wst.common.core [1.2.0.v200908251833]
[2017-09-29 11:43:10] Installing org.eclipse.wst.common.environment [1.0.400.v200912181831]
[2017-09-29 11:43:10] Installing org.eclipse.wst.common.frameworks [1.2.201.v201707201954]
[2017-09-29 11:43:10] Installing org.eclipse.wst.common.frameworks.ui [1.2.400.v201504292002]
[2017-09-29 11:43:10] Installing org.eclipse.wst.common.project.facet.core [1.4.300.v201111030423]
[2017-09-29 11:43:10] Installing org.eclipse.wst.common.ui [1.1.500.v200911182011]
[2017-09-29 11:43:10] Installing org.eclipse.wst.common.uriresolver [1.2.300.v201702270556]
[2017-09-29 11:43:10] Installing org.eclipse.wst.sse.core [1.1.1001.v201707042225]
[2017-09-29 11:43:10] Installing org.eclipse.wst.sse.ui [1.3.600.v201707042340]
[2017-09-29 11:43:10] Installing org.eclipse.wst.validation [1.2.701.v201707142105]
[2017-09-29 11:43:10] Installing org.eclipse.wst.validation.ui [1.2.501.v201707142105]
[2017-09-29 11:43:10] Installing org.eclipse.wst.xml.core [1.1.1100.v201705012045]
[2017-09-29 11:43:10] Installing org.eclipse.wst.xml.ui [1.1.800.v201704102213]
[2017-09-29 11:43:10] Installing org.eclipse.wst.xsd.core [1.1.900.v201401141857]
[2017-09-29 11:43:10] Installing org.eclipse.xsd [2.13.0.v20170609-0928]
[2017-09-29 11:43:10] Installing org.json [1.0.0.v201011060100]
[2017-09-29 11:43:10] Installing org.jsoup [1.7.2.v201411291515]
[2017-09-29 11:43:10] Installing org.sat4j.core [2.3.5.v201308161310]
[2017-09-29 11:43:10] Installing org.sat4j.pb [2.3.5.v201404071733]
[2017-09-29 11:43:10] Installing org.slf4j.api [1.7.2.v20121108-1250]
[2017-09-29 11:43:10] Installing org.slf4j.impl.log4j12 [1.7.2.v20131105-2200]
[2017-09-29 11:43:10] Installing org.swtchart [0.10.0.v201605200358]
[2017-09-29 11:43:10] Installing org.tukaani.xz [1.5.0.v20170111-1717]
[2017-09-29 11:43:10] Installing org.w3c.css.sac [1.3.1.v200903091627]
[2017-09-29 11:43:10] Installing org.w3c.dom.events [3.0.0.draft20060413_v201105210656]
[2017-09-29 11:43:10] Installing org.w3c.dom.smil [1.0.1.v200903091627]
[2017-09-29 11:43:10] Installing org.w3c.dom.svg [1.1.0.v201011041433]
[2017-09-29 11:43:10] Installing tooling.org.eclipse.update.feature.default [1.0.0]
[2017-09-29 11:43:10] Installing tooling.osgi.bundle.default [1.0.0]
[2017-09-29 11:43:10] Installing tooling.source.default [1.0.0]
[2017-09-29 11:43:10] Installing toolingcocoa.macosx.x86_64org.eclipse.core.runtime [4.7.1.M20170906-1700]
[2017-09-29 11:43:10] Installing toolingcocoa.macosx.x86_64org.eclipse.equinox.common [4.7.1.M20170906-1700]
[2017-09-29 11:43:10] Installing toolingcocoa.macosx.x86_64org.eclipse.equinox.ds [4.7.1.M20170906-1700]
[2017-09-29 11:43:10] Installing toolingcocoa.macosx.x86_64org.eclipse.equinox.event [4.7.1.M20170906-1700]
[2017-09-29 11:43:10] Installing toolingcocoa.macosx.x86_64org.eclipse.equinox.p2.reconciler.dropins [4.7.1.M20170906-1700]
[2017-09-29 11:43:10] Installing toolingcocoa.macosx.x86_64org.eclipse.equinox.simpleconfigurator [4.7.1.M20170906-1700]
[2017-09-29 11:43:10] Installing toolingcocoa.macosx.x86_64org.eclipse.update.configurator [4.7.1.M20170906-1700]
[2017-09-29 11:43:10] Installing toolingepp.package.cpp.application [4.7.1.20170914-1200]
[2017-09-29 11:43:10] Installing toolingepp.package.cpp.config.cocoa.macosx.x86_64 [4.7.1.20170914-1200]
[2017-09-29 11:43:10] Installing toolingepp.package.cpp.configuration [4.7.1.20170914-1200]
[2017-09-29 11:43:10] Installing toolingepp.package.cpp.executable.cocoa.macosx.x86_64 [4.7.1.20170914-1200]
[2017-09-29 11:43:10] Installing toolingepp.package.cpp.ini.cocoa.macosx.x86_64 [4.7.1.20170914-1200]
[2017-09-29 11:43:10] Installing toolingorg.eclipse.equinox.launcher [1.4.0.v20161219-1356]
[2017-09-29 11:43:10] Installing toolingorg.eclipse.equinox.launcher.cocoa.macosx.x86_64 [1.1.500.v20170531-1133]
[2017-09-29 11:43:10] Installing toolingorg.eclipse.platform.configuration.macosx [1.0.0]
[2017-09-29 11:43:10] Installing toolingorg.eclipse.platform.ide.application [4.7.1.M20170906-1700]
[2017-09-29 11:43:10] Installing toolingorg.eclipse.platform.ide.config.cocoa.macosx.x86_64 [4.7.1.M20170906-1700]
[2017-09-29 11:43:10] Installing toolingorg.eclipse.platform.ide.configuration [4.7.1.M20170906-1700]
[2017-09-29 11:43:10] Installing toolingorg.eclipse.platform.ide.executable.cocoa.macosx.x86_64 [4.7.1.M20170906-1700]
[2017-09-29 11:43:10] Installing toolingorg.eclipse.platform.ide.ini.cocoa.macosx.x86_64 [4.7.1.M20170906-1700]
[2017-09-29 11:43:11] Preparing to commit the provisioning operation.
[2017-09-29 11:43:11] Committing the provisioning operation.
[2017-09-29 11:43:13] Performing Eclipse Ini --launcher.appendVmargs
[2017-09-29 11:43:13] Performing Eclipse Ini -vm /Library/Java/JavaVirtualMachines/jdk1.8.0_144.jdk/Contents/Home/jre/bin
[2017-09-29 11:43:13] Changing /Users/jimmyweicc/eclipse/cpp-oxygen/Eclipse.app/Contents/Eclipse/eclipse.ini (-vm /Library/Java/JavaVirtualMachines/jdk1.8.0_144.jdk/Contents/Home/jre/bin)
[2017-09-29 11:43:13] Performing Eclipse Ini -Declipse.p2.max.threads=10
[2017-09-29 11:43:13] Changing /Users/jimmyweicc/eclipse/cpp-oxygen/Eclipse.app/Contents/Eclipse/eclipse.ini (-Declipse.p2.max.threads=10)
[2017-09-29 11:43:13] Performing Eclipse Ini -Doomph.update.url=http://download.eclipse.org/oomph/updates/milestone/latest
[2017-09-29 11:43:13] Changing /Users/jimmyweicc/eclipse/cpp-oxygen/Eclipse.app/Contents/Eclipse/eclipse.ini (-Doomph.update.url=http://download.eclipse.org/oomph/updates/milestone/latest)
[2017-09-29 11:43:13] Performing Eclipse Ini -Doomph.redirection.index.redirection=index:/->http://git.eclipse.org/c/oomph/org.eclipse.oomph.git/plain/setups/
[2017-09-29 11:43:13] Changing /Users/jimmyweicc/eclipse/cpp-oxygen/Eclipse.app/Contents/Eclipse/eclipse.ini (-Doomph.redirection.index.redirection=index:/->http://git.eclipse.org/c/oomph/org.eclipse.oomph.git/plain/setups/)
[2017-09-29 11:43:13] Performing post bootstrap tasks
[2017-09-29 11:43:13] Changing /Users/jimmyweicc/eclipse/cpp-oxygen/Eclipse.app/Contents/Eclipse/configuration/config.ini (osgi.configuration.cascaded=false)
[2017-09-29 11:43:13] 
